#
# A fatal error has been detected by the Java Runtime Environment:
#
#  EXCEPTION_ACCESS_VIOLATION (0xc0000005) at pc=0x00007ffefefc6ba1, pid=4524, tid=8688
#
# JRE version: OpenJDK Runtime Environment Temurin-17.0.2+8 (17.0.2+8) (build 17.0.2+8)
# Java VM: OpenJDK 64-Bit Server VM Temurin-17.0.2+8 (17.0.2+8, mixed mode, emulated-client, tiered, compressed oops, compressed class ptrs, g1 gc, windows-amd64)
# Problematic frame:
# V  [jvm.dll+0x306ba1]
#
# No core dump will be written. Minidumps are not enabled by default on client versions of Windows
#
# If you would like to submit a bug report, please visit:
#   https://github.com/adoptium/adoptium-support/issues
#

---------------  S U M M A R Y ------------

Command Line: -Dcom.sun.management.jmxremote -Dcom.sun.management.jmxremote.port=51501 -Dcom.sun.management.jmxremote.authenticate=false -Dcom.sun.management.jmxremote.ssl=false -Djava.rmi.server.hostname=localhost -Dspring.jmx.enabled=true -Dspring.application.admin.enabled=true -XX:TieredStopAtLevel=1 -Dspring.boot.project.name=Movies4U -Dfile.encoding=UTF-8 -XX:+ShowCodeDetailsInExceptionMessages com.movies4u.mvc.Movies4UApplication

Host: Intel(R) Core(TM) i3 CPU         540  @ 3.07GHz, 4 cores, 5G,  Windows 10 , 64 bit Build 19041 (10.0.19041.207)
Time: Sat Jan 21 22:34:46 2023 India Standard Time elapsed time: 11018.515087 seconds (0d 3h 3m 38s)

---------------  T H R E A D  ---------------

Current thread (0x0000018c668cc360):  GCTaskThread "GC Thread#1" [stack: 0x0000007f36800000,0x0000007f36900000] [id=8688]

Stack: [0x0000007f36800000,0x0000007f36900000],  sp=0x0000007f368ff530,  free space=1021k
Native frames: (J=compiled Java code, j=interpreted, Vv=VM code, C=native code)
V  [jvm.dll+0x306ba1]
V  [jvm.dll+0x30397e]
V  [jvm.dll+0x311f83]
V  [jvm.dll+0x313f2e]
V  [jvm.dll+0x3125cd]
V  [jvm.dll+0x313aea]
V  [jvm.dll+0x2de563]
V  [jvm.dll+0x2dff8b]
V  [jvm.dll+0x85d03b]
V  [jvm.dll+0x85d086]
V  [jvm.dll+0x7dff2a]
V  [jvm.dll+0x6744d5]
C  [ucrtbase.dll+0x21542]
C  [KERNEL32.DLL+0x16fd4]
C  [ntdll.dll+0x4cec1]


siginfo: EXCEPTION_ACCESS_VIOLATION (0xc0000005), reading address 0x0000000000000040


Register to memory mapping:

RIP=0x00007ffefefc6ba1 jvm.dll
RAX=0x0000018c5951e19c points into unknown readable memory: 00 00 00 00
RBX=0x00000000a4fff175 is pointing into object: [Ljava.util.HashMap$Node; 
{0x00000000a4fff160} - klass: 'java/util/HashMap$Node'[]
 - length: 4
RCX=0x0 is NULL
RDX=0x0 is NULL
RSP=0x0000007f368ff530 points into unknown readable memory: 0x00000000a60b0000 | 00 00 0b a6 00 00 00 00
RBP=0x00000000000014ed is an unknown value
RSI=0x00000000a4fff174 is pointing into object: [Ljava.util.HashMap$Node; 
{0x00000000a4fff160} - klass: 'java/util/HashMap$Node'[]
 - length: 4
RDI=0x0000018c6af9f930 points into unknown readable memory: 0x00007ffeff615c28 | 28 5c 61 ff fe 7f 00 00
R8 =0x00000000a4fff1d8 is an oop: java.util.LinkedHashMap$Entry 
{0x00000000a4fff1d8} - klass: 'java/util/LinkedHashMap$Entry'
 - ---- fields (total size 5 words):
 - final 'hash' 'I' @12  -2055120030 (85815b62)
 - final 'key' 'Ljava/lang/Object;' @16  "forRemoval"{0x00000000a3387140} (a3387140)
 - 'value' 'Ljava/lang/Object;' @20  a 'java/lang/Boolean'{0x00000000a36720c0} = false (a36720c0)
 - 'next' 'Ljava/util/HashMap$Node;' @24  NULL (0)
 - 'before' 'Ljava/util/LinkedHashMap$Entry;' @28  NULL (0)
 - 'after' 'Ljava/util/LinkedHashMap$Entry;' @32  a 'java/util/LinkedHashMap$Entry'{0x00000000a4fff180} (a4fff180)
R9 =0x00000000a3387140 is an oop: java.lang.String 
{0x00000000a3387140} - klass: 'java/lang/String'
 - string: "forRemoval"
R10=0x0000000000000040 is an unknown value
R11=0x0000000000000001 is an unknown value
R12=0x0000007f368ff7e0 points into unknown readable memory: 0x00007ffeff616d68 | 68 6d 61 ff fe 7f 00 00
R13=0x0000018c59500bf0 points into unknown readable memory: 0x00000000000005ce | ce 05 00 00 00 00 00 00
R14=0x0000000000000040 is an unknown value
R15=0x0 is NULL


Registers:
RAX=0x0000018c5951e19c, RBX=0x00000000a4fff175, RCX=0x0000000000000000, RDX=0x0000000000000000
RSP=0x0000007f368ff530, RBP=0x00000000000014ed, RSI=0x00000000a4fff174, RDI=0x0000018c6af9f930
R8 =0x00000000a4fff1d8, R9 =0x00000000a3387140, R10=0x0000000000000040, R11=0x0000000000000001
R12=0x0000007f368ff7e0, R13=0x0000018c59500bf0, R14=0x0000000000000040, R15=0x0000000000000000
RIP=0x00007ffefefc6ba1, EFLAGS=0x0000000000010246

Top of Stack: (sp=0x0000007f368ff530)
0x0000007f368ff530:   00000000a60b0000 0000000000000100
0x0000007f368ff540:   0000018c59500001 0000000000000009
0x0000007f368ff550:   0000007f368ff5d0 0000000000000000
0x0000007f368ff560:   0000000000000100 00007ffefefd10c5
0x0000007f368ff570:   00000000a4639e10 0000018c5fbaa100
0x0000007f368ff580:   0000000000000004 0000000000000100
0x0000007f368ff590:   0000007f368ff7e0 00000000a4639600
0x0000007f368ff5a0:   0000018c6af9f930 00007ffefefc397e
0x0000007f368ff5b0:   0000000000000000 0000007f368ff7e0
0x0000007f368ff5c0:   0000018c5fba0000 0000000000000004
0x0000007f368ff5d0:   00000019a7097107 00001ea713673095
0x0000007f368ff5e0:   0000007f368ff7e0 00000000a4639600
0x0000007f368ff5f0:   00000000a4639e00 00007ffefefd1f83
0x0000007f368ff600:   00000000a4639600 0000007f368ff620
0x0000007f368ff610:   0000007f368ff630 0000018c59521d80
0x0000007f368ff620:   00000000a4639600 0000000000000100 

Instructions: (pc=0x00007ffefefc6ba1)
0x00007ffefefc6aa1:   1b fd ff ff 66 66 66 0f 1f 84 00 00 00 00 00 48
0x00007ffefefc6ab1:   8b 77 10 8b ae 80 00 00 00 8b cd 8b 86 00 01 00
0x00007ffefefc6ac1:   00 2b c8 81 e1 ff ff 01 00 41 3b ce 0f 86 06 03
0x00007ffefefc6ad1:   00 00 ff cd 81 e5 ff ff 01 00 89 ae 80 00 00 00
0x00007ffefefc6ae1:   e8 1a fe 35 00 8b 86 00 01 00 00 8b cd 48 8b 9e
0x00007ffefefc6af1:   80 01 00 00 2b c8 81 e1 ff ff 01 00 8b d5 81 f9
0x00007ffefefc6b01:   ff ff 01 00 48 8b 1c eb 41 0f 44 cf 85 c9 75 41
0x00007ffefefc6b11:   48 8b 86 00 01 00 00 48 8b c8 48 89 44 24 28 48
0x00007ffefefc6b21:   c1 e9 20 ff c1 89 6c 24 20 89 4c 24 24 3b e8 0f
0x00007ffefefc6b31:   85 91 02 00 00 48 c1 e1 20 48 0b ca f0 48 0f b1
0x00007ffefefc6b41:   8e 00 01 00 00 0f 85 7b 02 00 00 8b 86 00 01 00
0x00007ffefefc6b51:   00 f6 c3 01 0f 84 3c 01 00 00 8b 0d 77 77 7f 00
0x00007ffefefc6b61:   48 8d 73 ff 48 8b 47 08 44 8b 16 49 d3 e2 4c 03
0x00007ffefefc6b71:   15 5a 77 7f 00 8b 88 90 05 00 00 49 8b d2 48 8b
0x00007ffefefc6b81:   80 80 05 00 00 48 d3 ea 0f b7 0c 50 66 89 8c 24
0x00007ffefefc6b91:   90 00 00 00 66 c1 e9 08 84 c9 0f 88 0f ff ff ff
0x00007ffefefc6ba1:   4d 8b 02 41 0f b6 c0 24 03 3c 03 75 1e 44 38 3d
0x00007ffefefc6bb1:   fb 36 86 00 74 0f 41 0f b6 c0 24 07 3c 05 75 05
0x00007ffefefc6bc1:   4d 8b c7 eb 1f 49 83 e0 fc eb 19 0f b7 94 24 90
0x00007ffefefc6bd1:   00 00 00 4d 8b c8 4d 8b c2 48 8b cf e8 1e ef ff
0x00007ffefefc6be1:   ff 4c 8b c0 8b 0d ed 76 7f 00 49 8b d0 48 2b 15
0x00007ffefefc6bf1:   db 76 7f 00 48 d3 ea 89 16 49 8b d0 8b 0d 2d 3f
0x00007ffefefc6c01:   86 00 48 33 d6 48 d3 ea 48 85 d2 0f 84 9e fe ff
0x00007ffefefc6c11:   ff 48 8b 47 08 48 8b d6 8b 88 c0 01 00 00 48 8b
0x00007ffefefc6c21:   80 b0 01 00 00 48 d3 ea 48 8b 0c d0 8b 81 94 00
0x00007ffefefc6c31:   00 00 d1 e8 a8 01 0f 85 73 fe ff ff 48 8b 47 08
0x00007ffefefc6c41:   8b 88 90 05 00 00 48 8b 80 80 05 00 00 49 d3 e8
0x00007ffefefc6c51:   46 38 3c 40 0f 84 55 fe ff ff 48 8b 47 60 48 c1
0x00007ffefefc6c61:   ee 09 48 8b 58 40 48 8b 48 38 48 03 de 48 2b d9
0x00007ffefefc6c71:   48 39 9f b0 01 00 00 0f 84 32 fe ff ff 48 8d 14
0x00007ffefefc6c81:   0b 48 8d 4f 18 e8 c5 40 00 00 48 89 9f b0 01 00
0x00007ffefefc6c91:   00 e9 19 fe ff ff f6 c3 03 0f 85 16 01 00 00 48 


Stack slot to memory mapping:
stack at sp + 0 slots: 0x00000000a60b0000 is an oop: org.springframework.util.ConcurrentReferenceHashMap$SoftEntryReference 
{0x00000000a60b0000} - klass: 'org/springframework/util/ConcurrentReferenceHashMap$SoftEntryReference'
 - ---- fields (total size 6 words):
 - private 'referent' 'Ljava/lang/Object;' @12  a 'org/springframework/util/ConcurrentReferenceHashMap$Entry'{0x00000000a60b0030} (a60b0030)
 - volatile 'queue' 'Ljava/lang/ref/ReferenceQueue;' @16  a 'java/lang/ref/ReferenceQueue'{0x00000000a38cb118} (a38cb118)
 - volatile 'next' 'Ljava/lang/ref/Reference;' @20  NULL (0)
 - private transient 'discovered' 'Ljava/lang/ref/Reference;' @24  NULL (0)
 - private 'timestamp' 'J' @32  79322055 (4ba5bc7 0)
 - private final 'hash' 'I' @28  -1003618191 (c42e0071)
 - private final 'nextReference' 'Lorg/springframework/util/ConcurrentReferenceHashMap$Reference;' @40  NULL (0)
stack at sp + 1 slots: 0x0000000000000100 is an unknown value
stack at sp + 2 slots: 0x0000018c59500001 points into unknown readable memory: b5 4d 59 8c 01 00 00
stack at sp + 3 slots: 0x0000000000000009 is an unknown value
stack at sp + 4 slots: 0x0000007f368ff5d0 points into unknown readable memory: 0x00000019a7097107 | 07 71 09 a7 19 00 00 00
stack at sp + 5 slots: 0x0 is NULL
stack at sp + 6 slots: 0x0000000000000100 is an unknown value
stack at sp + 7 slots: 0x00007ffefefd10c5 jvm.dll


---------------  P R O C E S S  ---------------

Threads class SMR info:
_java_thread_list=0x0000018c6af8d1d0, length=36, elements={
0x0000018c655a9720, 0x0000018c655c0ee0, 0x0000018c655cb540, 0x0000018c655cc0c0,
0x0000018c655cd990, 0x0000018c655ce250, 0x0000018c65602000, 0x0000018c656373e0,
0x0000018c6555d270, 0x0000018c66189270, 0x0000018c6671bde0, 0x0000018c667169a0,
0x0000018c6685b070, 0x0000018c66b99c80, 0x0000018c66bab850, 0x0000018c66bf69a0,
0x0000018c66bf7810, 0x0000018c66bf5660, 0x0000018c6a765540, 0x0000018c66a1da60,
0x0000018c66a1c720, 0x0000018c66a1c250, 0x0000018c66a1cbf0, 0x0000018c66a19bd0,
0x0000018c66a1e400, 0x0000018c66a1e8d0, 0x0000018c66a1f740, 0x0000018c66a1eda0,
0x0000018c66a1b3e0, 0x0000018c66a200e0, 0x0000018c66a1f270, 0x0000018c66a1a0a0,
0x0000018c66a1bd80, 0x0000018c66a205b0, 0x0000018c66a20a80, 0x0000018c66a20f50
}

Java Threads: ( => current thread )
  0x0000018c655a9720 JavaThread "Reference Handler" daemon [_thread_blocked, id=1308, stack(0x0000007f35700000,0x0000007f35800000)]
  0x0000018c655c0ee0 JavaThread "Finalizer" daemon [_thread_blocked, id=8932, stack(0x0000007f35800000,0x0000007f35900000)]
  0x0000018c655cb540 JavaThread "Signal Dispatcher" daemon [_thread_blocked, id=6996, stack(0x0000007f35900000,0x0000007f35a00000)]
  0x0000018c655cc0c0 JavaThread "Attach Listener" daemon [_thread_blocked, id=7532, stack(0x0000007f35a00000,0x0000007f35b00000)]
  0x0000018c655cd990 JavaThread "Service Thread" daemon [_thread_blocked, id=6516, stack(0x0000007f35b00000,0x0000007f35c00000)]
  0x0000018c655ce250 JavaThread "Monitor Deflation Thread" daemon [_thread_blocked, id=6152, stack(0x0000007f35c00000,0x0000007f35d00000)]
  0x0000018c65602000 JavaThread "C1 CompilerThread0" daemon [_thread_blocked, id=3512, stack(0x0000007f35d00000,0x0000007f35e00000)]
  0x0000018c656373e0 JavaThread "Sweeper thread" daemon [_thread_blocked, id=9036, stack(0x0000007f35e00000,0x0000007f35f00000)]
  0x0000018c6555d270 JavaThread "Common-Cleaner" daemon [_thread_blocked, id=8324, stack(0x0000007f35f00000,0x0000007f36000000)]
  0x0000018c66189270 JavaThread "Notification Thread" daemon [_thread_blocked, id=5480, stack(0x0000007f36200000,0x0000007f36300000)]
  0x0000018c6671bde0 JavaThread "RMI TCP Accept-0" daemon [_thread_in_native, id=1052, stack(0x0000007f36400000,0x0000007f36500000)]
  0x0000018c667169a0 JavaThread "RMI TCP Accept-51501" daemon [_thread_in_native, id=4940, stack(0x0000007f36500000,0x0000007f36600000)]
  0x0000018c6685b070 JavaThread "RMI TCP Accept-0" daemon [_thread_in_native, id=616, stack(0x0000007f36600000,0x0000007f36700000)]
  0x0000018c66b99c80 JavaThread "RMI Scheduler(0)" daemon [_thread_blocked, id=8156, stack(0x0000007f37000000,0x0000007f37100000)]
  0x0000018c66bab850 JavaThread "RMI TCP Connection(idle)" daemon [_thread_blocked, id=724, stack(0x0000007f37100000,0x0000007f37200000)]
  0x0000018c66bf69a0 JavaThread "JMX server connection timeout 24" daemon [_thread_blocked, id=7156, stack(0x0000007f37200000,0x0000007f37300000)]
  0x0000018c66bf7810 JavaThread "mysql-cj-abandoned-connection-cleanup" daemon [_thread_blocked, id=3432, stack(0x0000007f37600000,0x0000007f37700000)]
  0x0000018c66bf5660 JavaThread "Live Reload Server" daemon [_thread_in_native, id=2580, stack(0x0000007f37c00000,0x0000007f37d00000)]
  0x0000018c6a765540 JavaThread "DestroyJavaVM" [_thread_blocked, id=7444, stack(0x0000007f35000000,0x0000007f35100000)]
  0x0000018c66a1da60 JavaThread "Catalina-utility-1" [_thread_blocked, id=10172, stack(0x0000007f36000000,0x0000007f36100000)]
  0x0000018c66a1c720 JavaThread "Catalina-utility-2" [_thread_blocked, id=8040, stack(0x0000007f36300000,0x0000007f36400000)]
  0x0000018c66a1c250 JavaThread "container-0" [_thread_blocked, id=10276, stack(0x0000007f36d00000,0x0000007f36e00000)]
  0x0000018c66a1cbf0 JavaThread "HikariPool-5 housekeeper" daemon [_thread_blocked, id=6212, stack(0x0000007f36e00000,0x0000007f36f00000)]
  0x0000018c66a19bd0 JavaThread "File Watcher" daemon [_thread_blocked, id=10576, stack(0x0000007f37400000,0x0000007f37500000)]
  0x0000018c66a1e400 JavaThread "http-nio-8080-exec-1" daemon [_thread_blocked, id=9900, stack(0x0000007f37500000,0x0000007f37600000)]
  0x0000018c66a1e8d0 JavaThread "http-nio-8080-exec-2" daemon [_thread_blocked, id=6232, stack(0x0000007f37700000,0x0000007f37800000)]
  0x0000018c66a1f740 JavaThread "http-nio-8080-exec-3" daemon [_thread_blocked, id=6796, stack(0x0000007f37800000,0x0000007f37900000)]
  0x0000018c66a1eda0 JavaThread "http-nio-8080-exec-4" daemon [_thread_blocked, id=2068, stack(0x0000007f37900000,0x0000007f37a00000)]
  0x0000018c66a1b3e0 JavaThread "http-nio-8080-exec-5" daemon [_thread_blocked, id=10396, stack(0x0000007f37a00000,0x0000007f37b00000)]
  0x0000018c66a200e0 JavaThread "http-nio-8080-exec-6" daemon [_thread_blocked, id=8628, stack(0x0000007f37b00000,0x0000007f37c00000)]
  0x0000018c66a1f270 JavaThread "http-nio-8080-exec-7" daemon [_thread_blocked, id=9048, stack(0x0000007f37d00000,0x0000007f37e00000)]
  0x0000018c66a1a0a0 JavaThread "http-nio-8080-exec-8" daemon [_thread_blocked, id=2692, stack(0x0000007f37e00000,0x0000007f37f00000)]
  0x0000018c66a1bd80 JavaThread "http-nio-8080-exec-9" daemon [_thread_blocked, id=9444, stack(0x0000007f37f00000,0x0000007f38000000)]
  0x0000018c66a205b0 JavaThread "http-nio-8080-exec-10" daemon [_thread_blocked, id=5824, stack(0x0000007f38000000,0x0000007f38100000)]
  0x0000018c66a20a80 JavaThread "http-nio-8080-Poller" daemon [_thread_blocked, id=8644, stack(0x0000007f38100000,0x0000007f38200000)]
  0x0000018c66a20f50 JavaThread "http-nio-8080-Acceptor" daemon [_thread_in_native, id=2616, stack(0x0000007f38200000,0x0000007f38300000)]

Other Threads:
  0x0000018c595beb90 VMThread "VM Thread" [stack: 0x0000007f35600000,0x0000007f35700000] [id=1220]
  0x0000018c594ead90 WatcherThread [stack: 0x0000007f36700000,0x0000007f36800000] [id=1792]
  0x0000018c59520850 GCTaskThread "GC Thread#0" [stack: 0x0000007f35100000,0x0000007f35200000] [id=5112]
=>0x0000018c668cc360 GCTaskThread "GC Thread#1" [stack: 0x0000007f36800000,0x0000007f36900000] [id=8688]
  0x0000018c669241b0 GCTaskThread "GC Thread#2" [stack: 0x0000007f36900000,0x0000007f36a00000] [id=7524]
  0x0000018c66924870 GCTaskThread "GC Thread#3" [stack: 0x0000007f36a00000,0x0000007f36b00000] [id=8900]
  0x0000018c5952e070 ConcurrentGCThread "G1 Main Marker" [stack: 0x0000007f35200000,0x0000007f35300000] [id=7932]
  0x0000018c5952f270 ConcurrentGCThread "G1 Conc#0" [stack: 0x0000007f35300000,0x0000007f35400000] [id=6244]
  0x0000018c595909f0 ConcurrentGCThread "G1 Refine#0" [stack: 0x0000007f35400000,0x0000007f35500000] [id=248]
  0x0000018c66218b60 ConcurrentGCThread "G1 Refine#1" [stack: 0x0000007f36b00000,0x0000007f36c00000] [id=1196]
  0x0000018c66218e40 ConcurrentGCThread "G1 Refine#2" [stack: 0x0000007f36c00000,0x0000007f36d00000] [id=8132]
  0x0000018c59591ac0 ConcurrentGCThread "G1 Service" [stack: 0x0000007f35500000,0x0000007f35600000] [id=6720]

Threads with active compile tasks:

VM state: at safepoint (normal execution)

VM Mutex/Monitor currently owned by a thread:  ([mutex/lock_event])
[0x0000018c594e6e40] Threads_lock - owner thread: 0x0000018c595beb90
[0x0000018c594e6420] Heap_lock - owner thread: 0x0000018c66a19bd0

Heap address: 0x00000000a3200000, size: 1486 MB, Compressed Oops mode: 32-bit

CDS archive(s) not mapped
Compressed class space mapped at: 0x0000000100000000-0x0000000140000000, reserved size: 1073741824
Narrow klass base: 0x0000000000000000, Narrow klass shift: 3, Narrow klass range: 0x140000000

GC Precious Log:
 CPUs: 4 total, 4 available
 Memory: 5941M
 Large Page Support: Disabled
 NUMA Support: Disabled
 Compressed Oops: Enabled (32-bit)
 Heap Region Size: 1M
 Heap Min Capacity: 8M
 Heap Initial Capacity: 94M
 Heap Max Capacity: 1486M
 Pre-touch: Disabled
 Parallel Workers: 4
 Concurrent Workers: 1
 Concurrent Refinement Workers: 4
 Periodic GC: Disabled

Heap:
 garbage-first heap   total 86016K, used 66913K [0x00000000a3200000, 0x0000000100000000)
  region size 1024K, 35 young (35840K), 1 survivors (1024K)
 Metaspace       used 77775K, committed 78464K, reserved 1122304K
  class space    used 10547K, committed 10880K, reserved 1048576K

Heap Regions: E=young(eden), S=young(survivor), O=old, HS=humongous(starts), HC=humongous(continues), CS=collection set, F=free, OA=open archive, CA=closed archive, TAMS=top-at-mark-start (previous, next)
|   0|0x00000000a3200000, 0x00000000a3300000, 0x00000000a3300000|100%|HS|  |TAMS 0x00000000a3300000, 0x00000000a3200000| Untracked 
|   1|0x00000000a3300000, 0x00000000a3400000, 0x00000000a3400000|100%| O|  |TAMS 0x00000000a3400000, 0x00000000a3300000| Untracked 
|   2|0x00000000a3400000, 0x00000000a3500000, 0x00000000a3500000|100%| O|  |TAMS 0x00000000a3500000, 0x00000000a3400000| Untracked 
|   3|0x00000000a3500000, 0x00000000a35fffe0, 0x00000000a3600000| 99%| O|  |TAMS 0x00000000a35fffe0, 0x00000000a3500000| Untracked 
|   4|0x00000000a3600000, 0x00000000a36ffff8, 0x00000000a3700000| 99%| O|  |TAMS 0x00000000a36ffff8, 0x00000000a3600000| Untracked 
|   5|0x00000000a3700000, 0x00000000a37ff038, 0x00000000a3800000| 99%| O|  |TAMS 0x00000000a37ff038, 0x00000000a3700000| Untracked 
|   6|0x00000000a3800000, 0x00000000a38ffff8, 0x00000000a3900000| 99%| O|  |TAMS 0x00000000a38ffff8, 0x00000000a3800000| Untracked 
|   7|0x00000000a3900000, 0x00000000a39fffe8, 0x00000000a3a00000| 99%| O|  |TAMS 0x00000000a39fffe8, 0x00000000a3900000| Untracked 
|   8|0x00000000a3a00000, 0x00000000a3afea88, 0x00000000a3b00000| 99%| O|  |TAMS 0x00000000a3afea88, 0x00000000a3a00000| Untracked 
|   9|0x00000000a3b00000, 0x00000000a3bffff8, 0x00000000a3c00000| 99%| O|  |TAMS 0x00000000a3bffff8, 0x00000000a3b00000| Untracked 
|  10|0x00000000a3c00000, 0x00000000a3cffff8, 0x00000000a3d00000| 99%| O|  |TAMS 0x00000000a3cffff8, 0x00000000a3c00000| Untracked 
|  11|0x00000000a3d00000, 0x00000000a3dffff0, 0x00000000a3e00000| 99%| O|  |TAMS 0x00000000a3dffff0, 0x00000000a3d00000| Untracked 
|  12|0x00000000a3e00000, 0x00000000a3efffd0, 0x00000000a3f00000| 99%| O|  |TAMS 0x00000000a3efffd0, 0x00000000a3e00000| Untracked 
|  13|0x00000000a3f00000, 0x00000000a3fffff8, 0x00000000a4000000| 99%| O|  |TAMS 0x00000000a3fffff8, 0x00000000a3f00000| Untracked 
|  14|0x00000000a4000000, 0x00000000a40ffec0, 0x00000000a4100000| 99%| O|  |TAMS 0x00000000a40ffec0, 0x00000000a4000000| Untracked 
|  15|0x00000000a4100000, 0x00000000a41fd130, 0x00000000a4200000| 98%| O|  |TAMS 0x00000000a4100000, 0x00000000a4100000| Untracked 
|  16|0x00000000a4200000, 0x00000000a42fffb8, 0x00000000a4300000| 99%| O|  |TAMS 0x00000000a4200000, 0x00000000a4200000| Untracked 
|  17|0x00000000a4300000, 0x00000000a43ffea0, 0x00000000a4400000| 99%| O|  |TAMS 0x00000000a43ffea0, 0x00000000a4300000| Untracked 
|  18|0x00000000a4400000, 0x00000000a44fffe8, 0x00000000a4500000| 99%| O|  |TAMS 0x00000000a4400000, 0x00000000a4400000| Untracked 
|  19|0x00000000a4500000, 0x00000000a45ffff8, 0x00000000a4600000| 99%| O|  |TAMS 0x00000000a4500000, 0x00000000a4500000| Untracked 
|  20|0x00000000a4600000, 0x00000000a464f1d0, 0x00000000a4700000| 30%| O|  |TAMS 0x00000000a4600000, 0x00000000a4600000| Untracked 
|  21|0x00000000a4700000, 0x00000000a4800000, 0x00000000a4800000|100%| O|  |TAMS 0x00000000a4700000, 0x00000000a4700000| Untracked 
|  22|0x00000000a4800000, 0x00000000a48ff3b8, 0x00000000a4900000| 99%| O|  |TAMS 0x00000000a4800000, 0x00000000a4800000| Untracked 
|  23|0x00000000a4900000, 0x00000000a4a00000, 0x00000000a4a00000|100%| O|  |TAMS 0x00000000a4900000, 0x00000000a4900000| Untracked 
|  24|0x00000000a4a00000, 0x00000000a4a3b108, 0x00000000a4b00000| 23%| O|  |TAMS 0x00000000a4a00000, 0x00000000a4a00000| Untracked 
|  25|0x00000000a4b00000, 0x00000000a4c00000, 0x00000000a4c00000|100%| O|  |TAMS 0x00000000a4b00000, 0x00000000a4b00000| Untracked 
|  26|0x00000000a4c00000, 0x00000000a4cfffe8, 0x00000000a4d00000| 99%| O|  |TAMS 0x00000000a4c00000, 0x00000000a4c00000| Untracked 
|  27|0x00000000a4d00000, 0x00000000a4d06950, 0x00000000a4e00000|  2%| O|  |TAMS 0x00000000a4d00000, 0x00000000a4d00000| Untracked 
|  28|0x00000000a4e00000, 0x00000000a4f00000, 0x00000000a4f00000|100%| O|  |TAMS 0x00000000a4e00000, 0x00000000a4e00000| Untracked 
|  29|0x00000000a4f00000, 0x00000000a5000000, 0x00000000a5000000|100%| O|  |TAMS 0x00000000a4f00000, 0x00000000a4f00000| Untracked 
|  30|0x00000000a5000000, 0x00000000a5100000, 0x00000000a5100000|100%| O|  |TAMS 0x00000000a5000000, 0x00000000a5000000| Untracked 
|  31|0x00000000a5100000, 0x00000000a5200000, 0x00000000a5200000|100%| O|  |TAMS 0x00000000a5100000, 0x00000000a5100000| Untracked 
|  32|0x00000000a5200000, 0x00000000a5300000, 0x00000000a5300000|100%| O|  |TAMS 0x00000000a5200000, 0x00000000a5200000| Untracked 
|  33|0x00000000a5300000, 0x00000000a53c3820, 0x00000000a5400000| 76%| O|  |TAMS 0x00000000a5300000, 0x00000000a5300000| Untracked 
|  34|0x00000000a5400000, 0x00000000a5400000, 0x00000000a5500000|  0%| F|  |TAMS 0x00000000a5400000, 0x00000000a5400000| Untracked 
|  35|0x00000000a5500000, 0x00000000a5500000, 0x00000000a5600000|  0%| F|  |TAMS 0x00000000a5500000, 0x00000000a5500000| Untracked 
|  36|0x00000000a5600000, 0x00000000a5600000, 0x00000000a5700000|  0%| F|  |TAMS 0x00000000a5600000, 0x00000000a5600000| Untracked 
|  37|0x00000000a5700000, 0x00000000a5700000, 0x00000000a5800000|  0%| F|  |TAMS 0x00000000a5700000, 0x00000000a5700000| Untracked 
|  38|0x00000000a5800000, 0x00000000a5800000, 0x00000000a5900000|  0%| F|  |TAMS 0x00000000a5800000, 0x00000000a5800000| Untracked 
|  39|0x00000000a5900000, 0x00000000a5900000, 0x00000000a5a00000|  0%| F|  |TAMS 0x00000000a5900000, 0x00000000a5900000| Untracked 
|  40|0x00000000a5a00000, 0x00000000a5a85cf0, 0x00000000a5b00000| 52%| E|CS|TAMS 0x00000000a5a00000, 0x00000000a5a00000| Complete 
|  41|0x00000000a5b00000, 0x00000000a5b00000, 0x00000000a5c00000|  0%| F|  |TAMS 0x00000000a5b00000, 0x00000000a5b00000| Untracked 
|  42|0x00000000a5c00000, 0x00000000a5c00000, 0x00000000a5d00000|  0%| F|  |TAMS 0x00000000a5c00000, 0x00000000a5c00000| Untracked 
|  43|0x00000000a5d00000, 0x00000000a5d00000, 0x00000000a5e00000|  0%| F|  |TAMS 0x00000000a5d00000, 0x00000000a5d00000| Untracked 
|  44|0x00000000a5e00000, 0x00000000a5f00000, 0x00000000a5f00000|100%| E|CS|TAMS 0x00000000a5e00000, 0x00000000a5e00000| Complete 
|  45|0x00000000a5f00000, 0x00000000a6000000, 0x00000000a6000000|100%| E|CS|TAMS 0x00000000a5f00000, 0x00000000a5f00000| Complete 
|  46|0x00000000a6000000, 0x00000000a6100000, 0x00000000a6100000|100%| E|CS|TAMS 0x00000000a6000000, 0x00000000a6000000| Complete 
|  47|0x00000000a6100000, 0x00000000a6200000, 0x00000000a6200000|100%| E|CS|TAMS 0x00000000a6100000, 0x00000000a6100000| Complete 
|  48|0x00000000a6200000, 0x00000000a6200000, 0x00000000a6300000|  0%| F|  |TAMS 0x00000000a6200000, 0x00000000a6200000| Untracked 
|  49|0x00000000a6300000, 0x00000000a63c5a40, 0x00000000a6400000| 77%| S|  |TAMS 0x00000000a6300000, 0x00000000a6300000| Complete 
|  50|0x00000000a6400000, 0x00000000a6500000, 0x00000000a6500000|100%| E|CS|TAMS 0x00000000a6400000, 0x00000000a6400000| Complete 
|  51|0x00000000a6500000, 0x00000000a6600000, 0x00000000a6600000|100%| E|CS|TAMS 0x00000000a6500000, 0x00000000a6500000| Complete 
|  52|0x00000000a6600000, 0x00000000a6700000, 0x00000000a6700000|100%| E|CS|TAMS 0x00000000a6600000, 0x00000000a6600000| Complete 
|  53|0x00000000a6700000, 0x00000000a6800000, 0x00000000a6800000|100%| E|CS|TAMS 0x00000000a6700000, 0x00000000a6700000| Complete 
|  54|0x00000000a6800000, 0x00000000a6900000, 0x00000000a6900000|100%| E|CS|TAMS 0x00000000a6800000, 0x00000000a6800000| Complete 
|  55|0x00000000a6900000, 0x00000000a6a00000, 0x00000000a6a00000|100%| E|CS|TAMS 0x00000000a6900000, 0x00000000a6900000| Complete 
|  56|0x00000000a6a00000, 0x00000000a6b00000, 0x00000000a6b00000|100%| E|CS|TAMS 0x00000000a6a00000, 0x00000000a6a00000| Complete 
|  57|0x00000000a6b00000, 0x00000000a6c00000, 0x00000000a6c00000|100%| E|CS|TAMS 0x00000000a6b00000, 0x00000000a6b00000| Complete 
|  58|0x00000000a6c00000, 0x00000000a6d00000, 0x00000000a6d00000|100%| E|CS|TAMS 0x00000000a6c00000, 0x00000000a6c00000| Complete 
|  59|0x00000000a6d00000, 0x00000000a6e00000, 0x00000000a6e00000|100%| E|CS|TAMS 0x00000000a6d00000, 0x00000000a6d00000| Complete 
|  60|0x00000000a6e00000, 0x00000000a6f00000, 0x00000000a6f00000|100%| E|CS|TAMS 0x00000000a6e00000, 0x00000000a6e00000| Complete 
|  61|0x00000000a6f00000, 0x00000000a7000000, 0x00000000a7000000|100%| E|CS|TAMS 0x00000000a6f00000, 0x00000000a6f00000| Complete 
|  62|0x00000000a7000000, 0x00000000a7100000, 0x00000000a7100000|100%| E|CS|TAMS 0x00000000a7000000, 0x00000000a7000000| Complete 
|  63|0x00000000a7100000, 0x00000000a7200000, 0x00000000a7200000|100%| E|CS|TAMS 0x00000000a7100000, 0x00000000a7100000| Complete 
|  64|0x00000000a7200000, 0x00000000a7300000, 0x00000000a7300000|100%| E|CS|TAMS 0x00000000a7200000, 0x00000000a7200000| Complete 
|  65|0x00000000a7300000, 0x00000000a7400000, 0x00000000a7400000|100%| E|CS|TAMS 0x00000000a7300000, 0x00000000a7300000| Complete 
|  66|0x00000000a7400000, 0x00000000a7500000, 0x00000000a7500000|100%| E|CS|TAMS 0x00000000a7400000, 0x00000000a7400000| Complete 
|  67|0x00000000a7500000, 0x00000000a7600000, 0x00000000a7600000|100%| E|CS|TAMS 0x00000000a7500000, 0x00000000a7500000| Complete 
|  68|0x00000000a7600000, 0x00000000a7700000, 0x00000000a7700000|100%| E|CS|TAMS 0x00000000a7600000, 0x00000000a7600000| Complete 
|  69|0x00000000a7700000, 0x00000000a7800000, 0x00000000a7800000|100%| E|CS|TAMS 0x00000000a7700000, 0x00000000a7700000| Complete 
|  70|0x00000000a7800000, 0x00000000a7900000, 0x00000000a7900000|100%| E|CS|TAMS 0x00000000a7800000, 0x00000000a7800000| Complete 
|  71|0x00000000a7900000, 0x00000000a7a00000, 0x00000000a7a00000|100%| E|CS|TAMS 0x00000000a7900000, 0x00000000a7900000| Complete 
|  72|0x00000000a7a00000, 0x00000000a7b00000, 0x00000000a7b00000|100%| E|CS|TAMS 0x00000000a7a00000, 0x00000000a7a00000| Complete 
|  73|0x00000000a7b00000, 0x00000000a7c00000, 0x00000000a7c00000|100%| E|CS|TAMS 0x00000000a7b00000, 0x00000000a7b00000| Complete 
|  74|0x00000000a7c00000, 0x00000000a7d00000, 0x00000000a7d00000|100%| E|CS|TAMS 0x00000000a7c00000, 0x00000000a7c00000| Complete 
|  75|0x00000000a7d00000, 0x00000000a7e00000, 0x00000000a7e00000|100%| E|CS|TAMS 0x00000000a7d00000, 0x00000000a7d00000| Complete 
|  76|0x00000000a7e00000, 0x00000000a7f00000, 0x00000000a7f00000|100%| E|CS|TAMS 0x00000000a7e00000, 0x00000000a7e00000| Complete 
|  77|0x00000000a7f00000, 0x00000000a8000000, 0x00000000a8000000|100%| E|CS|TAMS 0x00000000a7f00000, 0x00000000a7f00000| Complete 
|  78|0x00000000a8000000, 0x00000000a8100000, 0x00000000a8100000|100%| E|CS|TAMS 0x00000000a8000000, 0x00000000a8000000| Complete 
|  79|0x00000000a8100000, 0x00000000a8200000, 0x00000000a8200000|100%| E|CS|TAMS 0x00000000a8100000, 0x00000000a8100000| Complete 
|  80|0x00000000a8200000, 0x00000000a8300000, 0x00000000a8300000|100%| E|CS|TAMS 0x00000000a8200000, 0x00000000a8200000| Complete 
|  81|0x00000000a8300000, 0x00000000a8400000, 0x00000000a8400000|100%| E|CS|TAMS 0x00000000a8300000, 0x00000000a8300000| Complete 
|  82|0x00000000a8400000, 0x00000000a8500000, 0x00000000a8500000|100%| E|CS|TAMS 0x00000000a8400000, 0x00000000a8400000| Complete 
|  83|0x00000000a8500000, 0x00000000a8600000, 0x00000000a8600000|100%| E|CS|TAMS 0x00000000a8500000, 0x00000000a8500000| Complete 

Card table byte_map: [0x0000018c5fba0000,0x0000018c5fe90000] _byte_map_base: 0x0000018c5f687000

Marking Bits (Prev, Next): (CMBitMap*) 0x0000018c59521d80, (CMBitMap*) 0x0000018c59521dc0
 Prev Bits: [0x0000018c60180000, 0x0000018c618b8000)
 Next Bits: [0x0000018c618c0000, 0x0000018c62ff8000)

Polling page: 0x0000018c57310000

Metaspace:

Usage:
  Non-class:     65.65 MB used.
      Class:     10.30 MB used.
       Both:     75.95 MB used.

Virtual space:
  Non-class space:       72.00 MB reserved,      66.00 MB ( 92%) committed,  9 nodes.
      Class space:        1.00 GB reserved,      10.62 MB (  1%) committed,  1 nodes.
             Both:        1.07 GB reserved,      76.62 MB (  7%) committed. 

Chunk freelists:
   Non-Class:  1.90 MB
       Class:  1.25 MB
        Both:  3.15 MB

MaxMetaspaceSize: unlimited
CompressedClassSpaceSize: 1.00 GB
Initial GC threshold: 21.00 MB
Current GC threshold: 127.50 MB
CDS: off
MetaspaceReclaimPolicy: balanced
 - commit_granule_bytes: 65536.
 - commit_granule_words: 8192.
 - virtual_space_node_default_size: 1048576.
 - enlarge_chunks_in_place: 1.
 - new_chunks_are_fully_committed: 0.
 - uncommit_free_chunks: 1.
 - use_allocation_guard: 0.
 - handle_deallocations: 1.


Internal statistics:

num_allocs_failed_limit: 9.
num_arena_births: 1428.
num_arena_deaths: 572.
num_vsnodes_births: 10.
num_vsnodes_deaths: 0.
num_space_committed: 1228.
num_space_uncommitted: 2.
num_chunks_returned_to_freelist: 789.
num_chunks_taken_from_freelist: 4360.
num_chunk_merges: 204.
num_chunk_splits: 2659.
num_chunks_enlarged: 1853.
num_purges: 10.
num_inconsistent_stats: 0.

CodeCache: size=49152Kb used=21779Kb max_used=22208Kb free=27372Kb
 bounds [0x0000018c5cba0000, 0x0000018c5e180000, 0x0000018c5fba0000]
 total_blobs=13780 nmethods=13090 adapters=616
 compilation: enabled
              stopped_count=0, restarted_count=0
 full_count=0

Compilation events (20 events):
Event: 10991.623 Thread 0x0000018c65602000 13159       1       org.hibernate.engine.spi.LoadQueryInfluencers::<init> (26 bytes)
Event: 10991.623 Thread 0x0000018c65602000 nmethod 13159 0x0000018c5e04c410 code [0x0000018c5e04c5a0, 0x0000018c5e04c7d8]
Event: 10991.623 Thread 0x0000018c65602000 13160       1       org.hibernate.engine.spi.EffectiveEntityGraph::<init> (6 bytes)
Event: 10991.623 Thread 0x0000018c65602000 nmethod 13160 0x0000018c5e04c110 code [0x0000018c5e04c2a0, 0x0000018c5e04c378]
Event: 10991.623 Thread 0x0000018c65602000 13161       1       org.hibernate.engine.spi.EffectiveEntityGraph::<init> (10 bytes)
Event: 10991.624 Thread 0x0000018c65602000 nmethod 13161 0x0000018c5e04be10 code [0x0000018c5e04bfa0, 0x0000018c5e04c078]
Event: 10991.630 Thread 0x0000018c65602000 13162       1       org.springframework.util.TypeUtils::isAssignableBound (18 bytes)
Event: 10991.630 Thread 0x0000018c65602000 nmethod 13162 0x0000018c5e04ba90 code [0x0000018c5e04bc40, 0x0000018c5e04bd68]
Event: 11009.393 Thread 0x0000018c65602000 13163       1       org.hibernate.engine.spi.LoadQueryInfluencers::<init> (7 bytes)
Event: 11009.394 Thread 0x0000018c65602000 nmethod 13163 0x0000018c5e04b610 code [0x0000018c5e04b7a0, 0x0000018c5e04b9b8]
Event: 11009.395 Thread 0x0000018c65602000 13164       1       org.springframework.data.jpa.repository.support.DefaultQueryHints::<init> (26 bytes)
Event: 11009.396 Thread 0x0000018c65602000 nmethod 13164 0x0000018c5e04b210 code [0x0000018c5e04b3a0, 0x0000018c5e04b578]
Event: 11009.396 Thread 0x0000018c65602000 13166       1       org.springframework.data.jpa.repository.support.QueryHints$$Lambda$1504/0x00000001009ad3d8::<init> (10 bytes)
Event: 11009.396 Thread 0x0000018c65602000 nmethod 13166 0x0000018c5e04af10 code [0x0000018c5e04b0a0, 0x0000018c5e04b1b8]
Event: 11009.396 Thread 0x0000018c65602000 13165       1       org.springframework.data.jpa.repository.support.CrudMethodMetadataPostProcessor$DefaultCrudMethodMetadata::getEntityGraph (5 bytes)
Event: 11009.396 Thread 0x0000018c65602000 nmethod 13165 0x0000018c5e04ac10 code [0x0000018c5e04ada0, 0x0000018c5e04ae78]
Event: 11009.396 Thread 0x0000018c65602000 13167       1       org.springframework.data.jpa.repository.support.CrudMethodMetadataPostProcessor$DefaultCrudMethodMetadata::getComment (5 bytes)
Event: 11009.396 Thread 0x0000018c65602000 nmethod 13167 0x0000018c5e04a910 code [0x0000018c5e04aaa0, 0x0000018c5e04ab78]
Event: 11009.399 Thread 0x0000018c65602000 13168       1       com.mysql.cj.protocol.a.NativeServerSession::isSetNeededForAutoCommitMode (43 bytes)
Event: 11009.400 Thread 0x0000018c65602000 nmethod 13168 0x0000018c5e04a590 code [0x0000018c5e04a720, 0x0000018c5e04a8b8]

GC Heap History (20 events):
Event: 7641.393 GC heap after
{Heap after GC invocations=53 (full 3):
 garbage-first heap   total 86016K, used 33077K [0x00000000a3200000, 0x0000000100000000)
  region size 1024K, 3 young (3072K), 3 survivors (3072K)
 Metaspace       used 77568K, committed 78208K, reserved 1122304K
  class space    used 10518K, committed 10816K, reserved 1048576K
}
Event: 8172.594 GC heap before
{Heap before GC invocations=53 (full 3):
 garbage-first heap   total 86016K, used 71989K [0x00000000a3200000, 0x0000000100000000)
  region size 1024K, 42 young (43008K), 3 survivors (3072K)
 Metaspace       used 77568K, committed 78208K, reserved 1122304K
  class space    used 10518K, committed 10816K, reserved 1048576K
}
Event: 8172.627 GC heap after
{Heap after GC invocations=54 (full 3):
 garbage-first heap   total 86016K, used 33096K [0x00000000a3200000, 0x0000000100000000)
  region size 1024K, 3 young (3072K), 3 survivors (3072K)
 Metaspace       used 77568K, committed 78208K, reserved 1122304K
  class space    used 10518K, committed 10816K, reserved 1048576K
}
Event: 9074.507 GC heap before
{Heap before GC invocations=54 (full 3):
 garbage-first heap   total 86016K, used 73032K [0x00000000a3200000, 0x0000000100000000)
  region size 1024K, 42 young (43008K), 3 survivors (3072K)
 Metaspace       used 77568K, committed 78208K, reserved 1122304K
  class space    used 10518K, committed 10816K, reserved 1048576K
}
Event: 9074.545 GC heap after
{Heap after GC invocations=55 (full 3):
 garbage-first heap   total 86016K, used 32869K [0x00000000a3200000, 0x0000000100000000)
  region size 1024K, 3 young (3072K), 3 survivors (3072K)
 Metaspace       used 77568K, committed 78208K, reserved 1122304K
  class space    used 10518K, committed 10816K, reserved 1048576K
}
Event: 9516.274 GC heap before
{Heap before GC invocations=55 (full 3):
 garbage-first heap   total 86016K, used 71781K [0x00000000a3200000, 0x0000000100000000)
  region size 1024K, 42 young (43008K), 3 survivors (3072K)
 Metaspace       used 77568K, committed 78208K, reserved 1122304K
  class space    used 10518K, committed 10816K, reserved 1048576K
}
Event: 9516.352 GC heap after
{Heap after GC invocations=56 (full 3):
 garbage-first heap   total 86016K, used 33257K [0x00000000a3200000, 0x0000000100000000)
  region size 1024K, 3 young (3072K), 3 survivors (3072K)
 Metaspace       used 77568K, committed 78208K, reserved 1122304K
  class space    used 10518K, committed 10816K, reserved 1048576K
}
Event: 9842.149 GC heap before
{Heap before GC invocations=56 (full 3):
 garbage-first heap   total 86016K, used 73193K [0x00000000a3200000, 0x0000000100000000)
  region size 1024K, 42 young (43008K), 3 survivors (3072K)
 Metaspace       used 77568K, committed 78208K, reserved 1122304K
  class space    used 10518K, committed 10816K, reserved 1048576K
}
Event: 9842.188 GC heap after
{Heap after GC invocations=57 (full 3):
 garbage-first heap   total 86016K, used 33003K [0x00000000a3200000, 0x0000000100000000)
  region size 1024K, 3 young (3072K), 3 survivors (3072K)
 Metaspace       used 77568K, committed 78208K, reserved 1122304K
  class space    used 10518K, committed 10816K, reserved 1048576K
}
Event: 10271.244 GC heap before
{Heap before GC invocations=57 (full 3):
 garbage-first heap   total 86016K, used 72939K [0x00000000a3200000, 0x0000000100000000)
  region size 1024K, 42 young (43008K), 3 survivors (3072K)
 Metaspace       used 77568K, committed 78208K, reserved 1122304K
  class space    used 10518K, committed 10816K, reserved 1048576K
}
Event: 10271.250 GC heap after
{Heap after GC invocations=58 (full 3):
 garbage-first heap   total 86016K, used 32870K [0x00000000a3200000, 0x0000000100000000)
  region size 1024K, 3 young (3072K), 3 survivors (3072K)
 Metaspace       used 77568K, committed 78208K, reserved 1122304K
  class space    used 10518K, committed 10816K, reserved 1048576K
}
Event: 10569.591 GC heap before
{Heap before GC invocations=58 (full 3):
 garbage-first heap   total 86016K, used 55398K [0x00000000a3200000, 0x0000000100000000)
  region size 1024K, 26 young (26624K), 3 survivors (3072K)
 Metaspace       used 77783K, committed 78464K, reserved 1122304K
  class space    used 10556K, committed 10880K, reserved 1048576K
}
Event: 10572.041 GC heap after
{Heap after GC invocations=59 (full 4):
 garbage-first heap   total 86016K, used 23082K [0x00000000a3200000, 0x0000000100000000)
  region size 1024K, 0 young (0K), 0 survivors (0K)
 Metaspace       used 77143K, committed 78336K, reserved 1122304K
  class space    used 10487K, committed 10880K, reserved 1048576K
}
Event: 10574.535 GC heap before
{Heap before GC invocations=59 (full 4):
 garbage-first heap   total 86016K, used 71210K [0x00000000a3200000, 0x0000000100000000)
  region size 1024K, 48 young (49152K), 0 survivors (0K)
 Metaspace       used 77350K, committed 78336K, reserved 1122304K
  class space    used 10515K, committed 10880K, reserved 1048576K
}
Event: 10574.740 GC heap after
{Heap after GC invocations=60 (full 4):
 garbage-first heap   total 86016K, used 27919K [0x00000000a3200000, 0x0000000100000000)
  region size 1024K, 5 young (5120K), 5 survivors (5120K)
 Metaspace       used 77350K, committed 78336K, reserved 1122304K
  class space    used 10515K, committed 10880K, reserved 1048576K
}
Event: 10575.297 GC heap before
{Heap before GC invocations=60 (full 4):
 garbage-first heap   total 86016K, used 68879K [0x00000000a3200000, 0x0000000100000000)
  region size 1024K, 45 young (46080K), 5 survivors (5120K)
 Metaspace       used 77674K, committed 78400K, reserved 1122304K
  class space    used 10537K, committed 10880K, reserved 1048576K
}
Event: 10575.331 GC heap after
{Heap after GC invocations=61 (full 4):
 garbage-first heap   total 86016K, used 29920K [0x00000000a3200000, 0x0000000100000000)
  region size 1024K, 3 young (3072K), 3 survivors (3072K)
 Metaspace       used 77674K, committed 78400K, reserved 1122304K
  class space    used 10537K, committed 10880K, reserved 1048576K
}
Event: 10659.794 GC heap before
{Heap before GC invocations=61 (full 4):
 garbage-first heap   total 86016K, used 66784K [0x00000000a3200000, 0x0000000100000000)
  region size 1024K, 39 young (39936K), 3 survivors (3072K)
 Metaspace       used 77762K, committed 78464K, reserved 1122304K
  class space    used 10544K, committed 10880K, reserved 1048576K
}
Event: 10659.811 GC heap after
{Heap after GC invocations=62 (full 4):
 garbage-first heap   total 86016K, used 32097K [0x00000000a3200000, 0x0000000100000000)
  region size 1024K, 5 young (5120K), 5 survivors (5120K)
 Metaspace       used 77762K, committed 78464K, reserved 1122304K
  class space    used 10544K, committed 10880K, reserved 1048576K
}
Event: 11017.592 GC heap before
{Heap before GC invocations=62 (full 4):
 garbage-first heap   total 86016K, used 66913K [0x00000000a3200000, 0x0000000100000000)
  region size 1024K, 39 young (39936K), 5 survivors (5120K)
 Metaspace       used 77775K, committed 78464K, reserved 1122304K
  class space    used 10547K, committed 10880K, reserved 1048576K
}

Deoptimization events (20 events):
Event: 4.407 Thread 0x0000018c66ba8950 DEOPT PACKING pc=0x0000018c5d345d7d sp=0x0000007f36efe1a0
Event: 4.407 Thread 0x0000018c66ba8950 DEOPT UNPACKING pc=0x0000018c5cbf2b24 sp=0x0000007f36efd708 mode 3
Event: 7.398 Thread 0x0000018c66ba8950 DEOPT PACKING pc=0x0000018c5d510774 sp=0x0000007f36efbf80
Event: 7.398 Thread 0x0000018c66ba8950 DEOPT UNPACKING pc=0x0000018c5cbf2b24 sp=0x0000007f36efb408 mode 0
Event: 8.342 Thread 0x0000018c66ba8950 DEOPT PACKING pc=0x0000018c5d114394 sp=0x0000007f36efb390
Event: 8.342 Thread 0x0000018c66ba8950 DEOPT UNPACKING pc=0x0000018c5cbf2b24 sp=0x0000007f36efa8e8 mode 0
Event: 8.786 Thread 0x0000018c66ba8950 DEOPT PACKING pc=0x0000018c5d63f899 sp=0x0000007f36efbe40
Event: 8.786 Thread 0x0000018c66ba8950 DEOPT UNPACKING pc=0x0000018c5cbf2b24 sp=0x0000007f36efb320 mode 3
Event: 9.501 Thread 0x0000018c66ba8950 DEOPT PACKING pc=0x0000018c5d0dd442 sp=0x0000007f36efb510
Event: 9.501 Thread 0x0000018c66ba8950 DEOPT UNPACKING pc=0x0000018c5cbf2b24 sp=0x0000007f36efaa18 mode 3
Event: 9.502 Thread 0x0000018c66ba8950 DEOPT PACKING pc=0x0000018c5d0c15c5 sp=0x0000007f36efb4d0
Event: 9.502 Thread 0x0000018c66ba8950 DEOPT UNPACKING pc=0x0000018c5cbf2b24 sp=0x0000007f36efaa18 mode 3
Event: 514.420 Thread 0x0000018c66bf7340 DEOPT PACKING pc=0x0000018c5ccfc1fb sp=0x0000007f37efb130
Event: 514.420 Thread 0x0000018c66bf7340 DEOPT UNPACKING pc=0x0000018c5cbf2b24 sp=0x0000007f37efa658 mode 3
Event: 962.477 Thread 0x0000018c66bf4cc0 DEOPT PACKING pc=0x0000018c5da36eab sp=0x0000007f37ffad80
Event: 962.477 Thread 0x0000018c66bf4cc0 DEOPT UNPACKING pc=0x0000018c5cbf2b24 sp=0x0000007f37ffa290 mode 3
Event: 2142.291 Thread 0x0000018c66a1cbf0 DEOPT PACKING pc=0x0000018c5dc8de63 sp=0x0000007f373fd880
Event: 2142.291 Thread 0x0000018c66a1cbf0 DEOPT UNPACKING pc=0x0000018c5cbf2b24 sp=0x0000007f373fcd10 mode 3
Event: 2147.576 Thread 0x0000018c66a19700 DEOPT PACKING pc=0x0000018c5de219b4 sp=0x0000007f360fd790
Event: 2147.576 Thread 0x0000018c66a19700 DEOPT UNPACKING pc=0x0000018c5cbf2b24 sp=0x0000007f360fce28 mode 3

Classes unloaded (20 events):
Event: 10569.858 Thread 0x0000018c595beb90 Unloading class 0x0000000100380400 'com/movies4u/mvc/repositories/Commentsrepo'
Event: 10569.858 Thread 0x0000018c595beb90 Unloading class 0x000000010030c400 'com/movies4u/mvc/entities/Category'
Event: 10569.865 Thread 0x0000018c595beb90 Unloading class 0x0000000100a76200 'com/movies4u/mvc/repositories/Categoryrepo'
Event: 10569.865 Thread 0x0000018c595beb90 Unloading class 0x0000000100941c20 'com/movies4u/mvc/util/SpringSecurityConfig'
Event: 10569.865 Thread 0x0000018c595beb90 Unloading class 0x00000001009419f8 'com/movies4u/mvc/services/MoviesServices'
Event: 10569.865 Thread 0x0000018c595beb90 Unloading class 0x00000001009417c8 'com/movies4u/mvc/services/DownloadServices'
Event: 10569.865 Thread 0x0000018c595beb90 Unloading class 0x00000001009415a0 'com/movies4u/mvc/services/DownloadRequestService'
Event: 10569.865 Thread 0x0000018c595beb90 Unloading class 0x0000000100941380 'com/movies4u/mvc/services/CommentServices'
Event: 10569.865 Thread 0x0000018c595beb90 Unloading class 0x0000000100941150 'com/movies4u/mvc/services/CategoryServices'
Event: 10569.866 Thread 0x0000018c595beb90 Unloading class 0x0000000100940f28 'com/movies4u/mvc/dao/MoviesDao'
Event: 10569.866 Thread 0x0000018c595beb90 Unloading class 0x0000000100940d00 'com/movies4u/mvc/dao/DownloadRequestDao'
Event: 10569.866 Thread 0x0000018c595beb90 Unloading class 0x0000000100940ad0 'com/movies4u/mvc/dao/DownloadDao'
Event: 10569.866 Thread 0x0000018c595beb90 Unloading class 0x00000001009408b0 'com/movies4u/mvc/dao/CommentsDao'
Event: 10569.866 Thread 0x0000018c595beb90 Unloading class 0x0000000100940680 'com/movies4u/mvc/dao/CategoryDao'
Event: 10569.866 Thread 0x0000018c595beb90 Unloading class 0x0000000100940458 'com/movies4u/mvc/controller/moviesController'
Event: 10569.866 Thread 0x0000018c595beb90 Unloading class 0x0000000100940230 'com/movies4u/mvc/controller/DownloadRequestController'
Event: 10569.866 Thread 0x0000018c595beb90 Unloading class 0x0000000100940000 'com/movies4u/mvc/controller/DownloadController'
Event: 10569.866 Thread 0x0000018c595beb90 Unloading class 0x0000000100a6c000 'com/movies4u/mvc/controller/CommentsController'
Event: 10569.866 Thread 0x0000018c595beb90 Unloading class 0x0000000100a75000 'com/movies4u/mvc/controller/CategoryController'
Event: 10569.866 Thread 0x0000018c595beb90 Unloading class 0x0000000100a76000 'com/movies4u/mvc/Movies4UApplication'

Classes redefined (0 events):
No events

Internal exceptions (20 events):
Event: 10574.073 Thread 0x0000018c66a1a570 Exception <a 'java/io/FileNotFoundException'{0x00000000a6449ea0}> (0x00000000a6449ea0) 
thrown [e:\jenkins\tmp\workspace\build\src\src\hotspot\share\prims\jni.cpp, line 516]
Event: 10574.205 Thread 0x0000018c66a1a570 Exception <a 'java/io/FileNotFoundException'{0x00000000a63e2978}> (0x00000000a63e2978) 
thrown [e:\jenkins\tmp\workspace\build\src\src\hotspot\share\prims\jni.cpp, line 516]
Event: 10575.163 Thread 0x0000018c66a1a570 Exception <a 'java/lang/reflect/InvocationTargetException'{0x00000000a6f75260}> (0x00000000a6f75260) 
thrown [e:\jenkins\tmp\workspace\build\src\src\hotspot\share\runtime\reflection.cpp, line 1121]
Event: 10575.165 Thread 0x0000018c66a1a570 Exception <a 'java/lang/reflect/InvocationTargetException'{0x00000000a6f808e0}> (0x00000000a6f808e0) 
thrown [e:\jenkins\tmp\workspace\build\src\src\hotspot\share\runtime\reflection.cpp, line 1121]
Event: 10575.205 Thread 0x0000018c66a1a570 Exception <a 'java/lang/reflect/InvocationTargetException'{0x00000000a6961540}> (0x00000000a6961540) 
thrown [e:\jenkins\tmp\workspace\build\src\src\hotspot\share\runtime\reflection.cpp, line 1121]
Event: 10588.167 Thread 0x0000018c66a1e8d0 Exception <a 'java/lang/reflect/InvocationTargetException'{0x00000000a6b9eb68}> (0x00000000a6b9eb68) 
thrown [e:\jenkins\tmp\workspace\build\src\src\hotspot\share\runtime\reflection.cpp, line 1121]
Event: 10588.167 Thread 0x0000018c66a1e8d0 Exception <a 'java/lang/reflect/InvocationTargetException'{0x00000000a6b9f8d8}> (0x00000000a6b9f8d8) 
thrown [e:\jenkins\tmp\workspace\build\src\src\hotspot\share\runtime\reflection.cpp, line 1121]
Event: 10588.167 Thread 0x0000018c66a1e8d0 Exception <a 'java/lang/reflect/InvocationTargetException'{0x00000000a6ba0648}> (0x00000000a6ba0648) 
thrown [e:\jenkins\tmp\workspace\build\src\src\hotspot\share\runtime\reflection.cpp, line 1121]
Event: 10597.664 Thread 0x0000018c66a1f740 Exception <a 'java/lang/reflect/InvocationTargetException'{0x00000000a68143d8}> (0x00000000a68143d8) 
thrown [e:\jenkins\tmp\workspace\build\src\src\hotspot\share\runtime\reflection.cpp, line 1121]
Event: 10597.664 Thread 0x0000018c66a1f740 Exception <a 'java/lang/reflect/InvocationTargetException'{0x00000000a6815148}> (0x00000000a6815148) 
thrown [e:\jenkins\tmp\workspace\build\src\src\hotspot\share\runtime\reflection.cpp, line 1121]
Event: 10597.664 Thread 0x0000018c66a1f740 Exception <a 'java/lang/reflect/InvocationTargetException'{0x00000000a6815eb8}> (0x00000000a6815eb8) 
thrown [e:\jenkins\tmp\workspace\build\src\src\hotspot\share\runtime\reflection.cpp, line 1121]
Event: 10603.636 Thread 0x0000018c66a1eda0 Exception <a 'java/lang/reflect/InvocationTargetException'{0x00000000a66736d8}> (0x00000000a66736d8) 
thrown [e:\jenkins\tmp\workspace\build\src\src\hotspot\share\runtime\reflection.cpp, line 1121]
Event: 10603.636 Thread 0x0000018c66a1eda0 Exception <a 'java/lang/reflect/InvocationTargetException'{0x00000000a6674448}> (0x00000000a6674448) 
thrown [e:\jenkins\tmp\workspace\build\src\src\hotspot\share\runtime\reflection.cpp, line 1121]
Event: 10603.636 Thread 0x0000018c66a1eda0 Exception <a 'java/lang/reflect/InvocationTargetException'{0x00000000a66751b8}> (0x00000000a66751b8) 
thrown [e:\jenkins\tmp\workspace\build\src\src\hotspot\share\runtime\reflection.cpp, line 1121]
Event: 10642.897 Thread 0x0000018c66a1b3e0 Exception <a 'java/lang/reflect/InvocationTargetException'{0x00000000a62392a8}> (0x00000000a62392a8) 
thrown [e:\jenkins\tmp\workspace\build\src\src\hotspot\share\runtime\reflection.cpp, line 1121]
Event: 10642.897 Thread 0x0000018c66a1b3e0 Exception <a 'java/lang/reflect/InvocationTargetException'{0x00000000a623a018}> (0x00000000a623a018) 
thrown [e:\jenkins\tmp\workspace\build\src\src\hotspot\share\runtime\reflection.cpp, line 1121]
Event: 10642.897 Thread 0x0000018c66a1b3e0 Exception <a 'java/lang/reflect/InvocationTargetException'{0x00000000a623ad88}> (0x00000000a623ad88) 
thrown [e:\jenkins\tmp\workspace\build\src\src\hotspot\share\runtime\reflection.cpp, line 1121]
Event: 10703.171 Thread 0x0000018c66a1f270 Exception <a 'java/lang/reflect/InvocationTargetException'{0x00000000a7f37c70}> (0x00000000a7f37c70) 
thrown [e:\jenkins\tmp\workspace\build\src\src\hotspot\share\runtime\reflection.cpp, line 1121]
Event: 10703.171 Thread 0x0000018c66a1f270 Exception <a 'java/lang/reflect/InvocationTargetException'{0x00000000a7f389e0}> (0x00000000a7f389e0) 
thrown [e:\jenkins\tmp\workspace\build\src\src\hotspot\share\runtime\reflection.cpp, line 1121]
Event: 10703.171 Thread 0x0000018c66a1f270 Exception <a 'java/lang/reflect/InvocationTargetException'{0x00000000a7f39750}> (0x00000000a7f39750) 
thrown [e:\jenkins\tmp\workspace\build\src\src\hotspot\share\runtime\reflection.cpp, line 1121]

VM Operations (20 events):
Event: 10923.886 Executing VM operation: ICBufferFull done
Event: 10924.893 Executing VM operation: Cleanup
Event: 10924.894 Executing VM operation: Cleanup done
Event: 10941.389 Executing VM operation: ICBufferFull
Event: 10941.389 Executing VM operation: ICBufferFull done
Event: 10942.394 Executing VM operation: Cleanup
Event: 10942.395 Executing VM operation: Cleanup done
Event: 10975.480 Executing VM operation: ICBufferFull
Event: 10975.480 Executing VM operation: ICBufferFull done
Event: 10976.490 Executing VM operation: Cleanup
Event: 10976.491 Executing VM operation: Cleanup done
Event: 10991.621 Executing VM operation: ICBufferFull
Event: 10991.621 Executing VM operation: ICBufferFull done
Event: 10992.630 Executing VM operation: Cleanup
Event: 10992.631 Executing VM operation: Cleanup done
Event: 11009.391 Executing VM operation: ICBufferFull
Event: 11009.391 Executing VM operation: ICBufferFull done
Event: 11010.393 Executing VM operation: Cleanup
Event: 11010.394 Executing VM operation: Cleanup done
Event: 11017.592 Executing VM operation: G1CollectForAllocation

Events (20 events):
Event: 10574.396 Thread 0x0000018c66a1df30 Thread added: 0x0000018c66a1df30
Event: 10575.363 loading class java/time/DurationEditor
Event: 10575.363 loading class java/time/DurationEditor done
Event: 10575.702 Thread 0x0000018c66a19bd0 Thread added: 0x0000018c66a19bd0
Event: 10575.731 Thread 0x0000018c66a1e400 Thread added: 0x0000018c66a1e400
Event: 10575.731 Thread 0x0000018c66a1e8d0 Thread added: 0x0000018c66a1e8d0
Event: 10575.731 Thread 0x0000018c66a1f740 Thread added: 0x0000018c66a1f740
Event: 10575.731 Thread 0x0000018c66a1eda0 Thread added: 0x0000018c66a1eda0
Event: 10575.732 Thread 0x0000018c66a1b3e0 Thread added: 0x0000018c66a1b3e0
Event: 10575.732 Thread 0x0000018c66a200e0 Thread added: 0x0000018c66a200e0
Event: 10575.732 Thread 0x0000018c66a1f270 Thread added: 0x0000018c66a1f270
Event: 10575.732 Thread 0x0000018c66a1a0a0 Thread added: 0x0000018c66a1a0a0
Event: 10575.732 Thread 0x0000018c66a1bd80 Thread added: 0x0000018c66a1bd80
Event: 10575.732 Thread 0x0000018c66a205b0 Thread added: 0x0000018c66a205b0
Event: 10575.812 Thread 0x0000018c66a20a80 Thread added: 0x0000018c66a20a80
Event: 10575.812 Thread 0x0000018c66a20f50 Thread added: 0x0000018c66a20f50
Event: 10575.846 Thread 0x0000018c66a1a570 Thread exited: 0x0000018c66a1a570
Event: 10575.846 Thread 0x0000018c66a1fc10 Thread exited: 0x0000018c66a1fc10
Event: 10580.112 Thread 0x0000018c66a1df30 Thread exited: 0x0000018c66a1df30
Event: 10580.855 Thread 0x0000018c6675faf0 Thread exited: 0x0000018c6675faf0


Dynamic libraries:
0x00007ff7096d0000 - 0x00007ff7096de000 	E:\akshay\Software\eclipse\plugins\org.eclipse.justj.openjdk.hotspot.jre.full.win32.x86_64_17.0.2.v20220201-1208\jre\bin\javaw.exe
0x00007fff35d30000 - 0x00007fff35f24000 	C:\Windows\SYSTEM32\ntdll.dll
0x00007fff35220000 - 0x00007fff352dd000 	C:\Windows\System32\KERNEL32.DLL
0x00007fff33890000 - 0x00007fff33b57000 	C:\Windows\System32\KERNELBASE.dll
0x00007fff33560000 - 0x00007fff33660000 	C:\Windows\System32\ucrtbase.dll
0x00007fff2f030000 - 0x00007fff2f048000 	E:\akshay\Software\eclipse\plugins\org.eclipse.justj.openjdk.hotspot.jre.full.win32.x86_64_17.0.2.v20220201-1208\jre\bin\jli.dll
0x00007fff35440000 - 0x00007fff355e0000 	C:\Windows\System32\USER32.dll
0x00007fff33480000 - 0x00007fff334a2000 	C:\Windows\System32\win32u.dll
0x00007fff352e0000 - 0x00007fff3530a000 	C:\Windows\System32\GDI32.dll
0x00007fff33bf0000 - 0x00007fff33cf9000 	C:\Windows\System32\gdi32full.dll
0x00007fff33d00000 - 0x00007fff33d9d000 	C:\Windows\System32\msvcp_win.dll
0x00007fff2f010000 - 0x00007fff2f029000 	E:\akshay\Software\eclipse\plugins\org.eclipse.justj.openjdk.hotspot.jre.full.win32.x86_64_17.0.2.v20220201-1208\jre\bin\VCRUNTIME140.dll
0x00007fff16e30000 - 0x00007fff170ca000 	C:\Windows\WinSxS\amd64_microsoft.windows.common-controls_6595b64144ccf1df_6.0.19041.1_none_b555e41d4684ddec\COMCTL32.dll
0x00007fff34850000 - 0x00007fff348ee000 	C:\Windows\System32\msvcrt.dll
0x00007fff35cc0000 - 0x00007fff35cf0000 	C:\Windows\System32\IMM32.DLL
0x00007fff2f000000 - 0x00007fff2f00c000 	E:\akshay\Software\eclipse\plugins\org.eclipse.justj.openjdk.hotspot.jre.full.win32.x86_64_17.0.2.v20220201-1208\jre\bin\vcruntime140_1.dll
0x00007fff08390000 - 0x00007fff08421000 	E:\akshay\Software\eclipse\plugins\org.eclipse.justj.openjdk.hotspot.jre.full.win32.x86_64_17.0.2.v20220201-1208\jre\bin\msvcp140.dll
0x00007ffefecc0000 - 0x00007ffeff907000 	E:\akshay\Software\eclipse\plugins\org.eclipse.justj.openjdk.hotspot.jre.full.win32.x86_64_17.0.2.v20220201-1208\jre\bin\server\jvm.dll
0x00007fff34310000 - 0x00007fff343ba000 	C:\Windows\System32\ADVAPI32.dll
0x00007fff350a0000 - 0x00007fff3513b000 	C:\Windows\System32\sechost.dll
0x00007fff34570000 - 0x00007fff34693000 	C:\Windows\System32\RPCRT4.dll
0x00007fff33da0000 - 0x00007fff33da8000 	C:\Windows\System32\PSAPI.DLL
0x00007fff2de20000 - 0x00007fff2de29000 	C:\Windows\SYSTEM32\WSOCK32.dll
0x00007fff35030000 - 0x00007fff3509b000 	C:\Windows\System32\WS2_32.dll
0x00007fff1fb50000 - 0x00007fff1fb77000 	C:\Windows\SYSTEM32\WINMM.dll
0x00007fff25690000 - 0x00007fff2569a000 	C:\Windows\SYSTEM32\VERSION.dll
0x00007fff31430000 - 0x00007fff31443000 	C:\Windows\SYSTEM32\kernel.appcore.dll
0x00007fff2ce70000 - 0x00007fff2ce7a000 	E:\akshay\Software\eclipse\plugins\org.eclipse.justj.openjdk.hotspot.jre.full.win32.x86_64_17.0.2.v20220201-1208\jre\bin\jimage.dll
0x00007fff221f0000 - 0x00007fff223d4000 	C:\Windows\SYSTEM32\DBGHELP.DLL
0x00007fff21dc0000 - 0x00007fff21dec000 	C:\Windows\SYSTEM32\dbgcore.DLL
0x00007fff33810000 - 0x00007fff3388f000 	C:\Windows\System32\bcryptPrimitives.dll
0x00007fff1db30000 - 0x00007fff1db55000 	E:\akshay\Software\eclipse\plugins\org.eclipse.justj.openjdk.hotspot.jre.full.win32.x86_64_17.0.2.v20220201-1208\jre\bin\java.dll
0x00007fff2c7c0000 - 0x00007fff2c7d8000 	E:\akshay\Software\eclipse\plugins\org.eclipse.justj.openjdk.hotspot.jre.full.win32.x86_64_17.0.2.v20220201-1208\jre\bin\zip.dll
0x00007fff348f0000 - 0x00007fff35021000 	C:\Windows\System32\SHELL32.dll
0x00007fff31630000 - 0x00007fff31dba000 	C:\Windows\SYSTEM32\windows.storage.dll
0x00007fff35640000 - 0x00007fff35994000 	C:\Windows\System32\combase.dll
0x00007fff32eb0000 - 0x00007fff32edb000 	C:\Windows\SYSTEM32\Wldp.dll
0x00007fff35a10000 - 0x00007fff35abe000 	C:\Windows\System32\SHCORE.dll
0x00007fff33e40000 - 0x00007fff33e95000 	C:\Windows\System32\shlwapi.dll
0x00007fff333c0000 - 0x00007fff333df000 	C:\Windows\SYSTEM32\profapi.dll
0x00007fff1db10000 - 0x00007fff1db29000 	E:\akshay\Software\eclipse\plugins\org.eclipse.justj.openjdk.hotspot.jre.full.win32.x86_64_17.0.2.v20220201-1208\jre\bin\net.dll
0x00007fff28ed0000 - 0x00007fff28fd0000 	C:\Windows\SYSTEM32\WINHTTP.dll
0x00007fff32c10000 - 0x00007fff32c7a000 	C:\Windows\system32\mswsock.dll
0x00007fff1daf0000 - 0x00007fff1db05000 	E:\akshay\Software\eclipse\plugins\org.eclipse.justj.openjdk.hotspot.jre.full.win32.x86_64_17.0.2.v20220201-1208\jre\bin\nio.dll
0x00007fff2eff0000 - 0x00007fff2eff9000 	E:\akshay\Software\eclipse\plugins\org.eclipse.justj.openjdk.hotspot.jre.full.win32.x86_64_17.0.2.v20220201-1208\jre\bin\management.dll
0x00007fff2ceb0000 - 0x00007fff2cebb000 	E:\akshay\Software\eclipse\plugins\org.eclipse.justj.openjdk.hotspot.jre.full.win32.x86_64_17.0.2.v20220201-1208\jre\bin\management_ext.dll
0x00007fff1d3e0000 - 0x00007fff1d3f7000 	C:\Windows\system32\napinsp.dll
0x00007fff1d3c0000 - 0x00007fff1d3db000 	C:\Windows\system32\pnrpnsp.dll
0x00007fff1d3a0000 - 0x00007fff1d3b5000 	C:\Windows\system32\wshbth.dll
0x00007fff2ef70000 - 0x00007fff2ef8d000 	C:\Windows\system32\NLAapi.dll
0x00007fff32900000 - 0x00007fff3293b000 	C:\Windows\SYSTEM32\IPHLPAPI.DLL
0x00007fff32940000 - 0x00007fff32a0a000 	C:\Windows\SYSTEM32\DNSAPI.dll
0x00007fff359a0000 - 0x00007fff359a9000 	C:\Windows\System32\NSI.dll
0x00007fff1d380000 - 0x00007fff1d392000 	C:\Windows\System32\winrnr.dll
0x00007fff28d00000 - 0x00007fff28d0a000 	C:\Windows\System32\rasadhlp.dll
0x00007fff29590000 - 0x00007fff2960f000 	C:\Windows\System32\fwpuclnt.dll
0x00007fff33bc0000 - 0x00007fff33be7000 	C:\Windows\System32\bcrypt.dll
0x00007fff32de0000 - 0x00007fff32df8000 	C:\Windows\SYSTEM32\CRYPTSP.dll
0x00007fff32540000 - 0x00007fff32574000 	C:\Windows\system32\rsaenh.dll
0x00007fff33340000 - 0x00007fff3336e000 	C:\Windows\SYSTEM32\USERENV.dll
0x00007fff32e00000 - 0x00007fff32e0c000 	C:\Windows\SYSTEM32\CRYPTBASE.dll
0x00007fff29b90000 - 0x00007fff29ba7000 	C:\Windows\SYSTEM32\dhcpcsvc6.DLL
0x00007fff29c60000 - 0x00007fff29c7d000 	C:\Windows\SYSTEM32\dhcpcsvc.DLL
0x00007fff21b10000 - 0x00007fff21b20000 	E:\akshay\Software\eclipse\plugins\org.eclipse.justj.openjdk.hotspot.jre.full.win32.x86_64_17.0.2.v20220201-1208\jre\bin\verify.dll
0x00007fff2f0b0000 - 0x00007fff2f0be000 	E:\akshay\Software\eclipse\plugins\org.eclipse.justj.openjdk.hotspot.jre.full.win32.x86_64_17.0.2.v20220201-1208\jre\bin\sunmscapi.dll
0x00007fff33660000 - 0x00007fff337bd000 	C:\Windows\System32\CRYPT32.dll
0x00007fff32f70000 - 0x00007fff32f97000 	C:\Windows\SYSTEM32\ncrypt.dll
0x00007fff32f30000 - 0x00007fff32f6b000 	C:\Windows\SYSTEM32\NTASN1.dll
0x00007fff2f0a0000 - 0x00007fff2f0a7000 	C:\Windows\system32\wshunix.dll

dbghelp: loaded successfully - version: 4.0.5 - missing functions: none
symbol engine: initialized successfully - sym options: 0x614 - pdb path: .;E:\akshay\Software\eclipse\plugins\org.eclipse.justj.openjdk.hotspot.jre.full.win32.x86_64_17.0.2.v20220201-1208\jre\bin;C:\Windows\SYSTEM32;C:\Windows\WinSxS\amd64_microsoft.windows.common-controls_6595b64144ccf1df_6.0.19041.1_none_b555e41d4684ddec;E:\akshay\Software\eclipse\plugins\org.eclipse.justj.openjdk.hotspot.jre.full.win32.x86_64_17.0.2.v20220201-1208\jre\bin\server

VM Arguments:
jvm_args: -Dcom.sun.management.jmxremote -Dcom.sun.management.jmxremote.port=51501 -Dcom.sun.management.jmxremote.authenticate=false -Dcom.sun.management.jmxremote.ssl=false -Djava.rmi.server.hostname=localhost -Dspring.jmx.enabled=true -Dspring.application.admin.enabled=true -XX:TieredStopAtLevel=1 -Dspring.boot.project.name=Movies4U -Dfile.encoding=UTF-8 -XX:+ShowCodeDetailsInExceptionMessages 
java_command: com.movies4u.mvc.Movies4UApplication
java_class_path (initial): E:\akshay\simpli learn\Phase 3 spring and ops\Movies4U\target\classes;C:\Users\sai\.m2\repository\org\springframework\boot\spring-boot-starter-security\2.6.3\spring-boot-starter-security-2.6.3.jar;C:\Users\sai\.m2\repository\org\springframework\boot\spring-boot-starter\3.0.1\spring-boot-starter-3.0.1.jar;C:\Users\sai\.m2\repository\org\springframework\boot\spring-boot-starter-logging\3.0.1\spring-boot-starter-logging-3.0.1.jar;C:\Users\sai\.m2\repository\ch\qos\logback\logback-classic\1.4.5\logback-classic-1.4.5.jar;C:\Users\sai\.m2\repository\ch\qos\logback\logback-core\1.4.5\logback-core-1.4.5.jar;C:\Users\sai\.m2\repository\org\apache\logging\log4j\log4j-to-slf4j\2.19.0\log4j-to-slf4j-2.19.0.jar;C:\Users\sai\.m2\repository\org\apache\logging\log4j\log4j-api\2.19.0\log4j-api-2.19.0.jar;C:\Users\sai\.m2\repository\org\slf4j\jul-to-slf4j\2.0.6\jul-to-slf4j-2.0.6.jar;C:\Users\sai\.m2\repository\jakarta\annotation\jakarta.annotation-api\2.1.1\jakarta.annotation-api-2.1.1.jar;C:\Users\sai\.m2\repository\org\yaml\snakeyaml\1.33\snakeyaml-1.33.jar;C:\Users\sai\.m2\repository\org\springframework\spring-aop\6.0.3\spring-aop-6.0.3.jar;C:\Users\sai\.m2\repository\org\springframework\spring-beans\6.0.3\spring-beans-6.0.3.jar;C:\Users\sai\.m2\repository\org\springframework\security\spring-security-config\6.0.1\spring-security-config-6.0.1.jar;C:\Users\sai\.m2\repository\org\springframework\spring-context\6.0.3\spring-context-6.0.3.jar;C:\Users\sai\.m2\repository\org\springframework\security\spring-security-web\6.0.1\spring-security-web-6.0.1.jar;C:\Users\sai\.m2\repository\org\springframework\spring-expression\6.0.3\spring-expression-6.0.3.jar;C:\Users\sai\.m2\repository\org\springframework\boot\spring-boot-starter-data-jpa\3.0.1\spring-boot-starter-data-jpa-3.0.1.jar;C:\Users\sai\.m2\repository\org\springframework\boot\spring-boot-starter-aop\3.0.1\spring-boot-starter-aop-3.0.1.jar;C:\Users\sai\.m2\repository\org\aspectj\aspectjweaver\1.9.19\aspec
Launcher Type: SUN_STANDARD

[Global flags]
     intx CICompilerCount                          = 3                                         {product} {ergonomic}
     uint ConcGCThreads                            = 1                                         {product} {ergonomic}
     uint G1ConcRefinementThreads                  = 4                                         {product} {ergonomic}
   size_t G1HeapRegionSize                         = 1048576                                   {product} {ergonomic}
    uintx GCDrainStackTargetSize                   = 64                                        {product} {ergonomic}
   size_t InitialHeapSize                          = 98566144                                  {product} {ergonomic}
     bool ManagementServer                         = true                                      {product} {command line}
   size_t MarkStackSize                            = 4194304                                   {product} {ergonomic}
   size_t MaxHeapSize                              = 1558183936                                {product} {ergonomic}
   size_t MaxNewSize                               = 934281216                                 {product} {ergonomic}
   size_t MinHeapDeltaBytes                        = 1048576                                   {product} {ergonomic}
   size_t MinHeapSize                              = 8388608                                   {product} {ergonomic}
    uintx NonProfiledCodeHeapSize                  = 0                                      {pd product} {ergonomic}
     bool ProfileInterpreter                       = false                                  {pd product} {command line}
    uintx ProfiledCodeHeapSize                     = 0                                      {pd product} {ergonomic}
     bool ShowCodeDetailsInExceptionMessages       = true                                   {manageable} {command line}
   size_t SoftMaxHeapSize                          = 1558183936                             {manageable} {ergonomic}
     intx TieredStopAtLevel                        = 1                                         {product} {command line}
     bool UseCompressedClassPointers               = true                           {product lp64_product} {ergonomic}
     bool UseCompressedOops                        = true                           {product lp64_product} {ergonomic}
     bool UseG1GC                                  = true                                      {product} {ergonomic}
     bool UseLargePagesIndividualAllocation        = false                                  {pd product} {ergonomic}

Logging:
Log output configuration:
 #0: stdout all=warning uptime,level,tags
 #1: stderr all=off uptime,level,tags

Environment Variables:
PATH=E:/akshay/Software/eclipse//plugins/org.eclipse.justj.openjdk.hotspot.jre.full.win32.x86_64_17.0.2.v20220201-1208/jre/bin/server;E:/akshay/Software/eclipse//plugins/org.eclipse.justj.openjdk.hotspot.jre.full.win32.x86_64_17.0.2.v20220201-1208/jre/bin;C:\Windows\system32;C:\Windows;C:\Windows\System32\Wbem;C:\Windows\System32\WindowsPowerShell\v1.0\;C:\Windows\System32\OpenSSH\;C:\Program Files\Git\cmd;E:\akshay\Software\eclipse\plugins\org.eclipse.justj.openjdk.hotspot.jre.full.win32.x86_64_17.0.2.v20220201-1208\jreE:\akshay\Software\eclipse\plugins\org.eclipse.justj.openjdk.hotspot.jre.full.win32.x86_64_17.0.2.v20220201-1208\jre;E:\akshay\Software\eclipse\plugins\org.eclipse.justj.openjdk.hotspot.jre.full.win32.x86_64_17.0.2.v20220201-1208\jre\bin;C:\Program Files\nodejs\;C:\Users\sai\AppData\Local\Microsoft\WindowsApps;;C:\Users\sai\AppData\Local\Programs\Microsoft VS Code\bin;C:\Users\sai\AppData\Roaming\npm;E:\akshay\Software\eclipse;
USERNAME=sai
OS=Windows_NT
PROCESSOR_IDENTIFIER=Intel64 Family 6 Model 37 Stepping 5, GenuineIntel



---------------  S Y S T E M  ---------------

OS:
 Windows 10 , 64 bit Build 19041 (10.0.19041.207)
OS uptime: 0 days 22:09 hours

CPU: total 4 (initial active 4) (2 cores per cpu, 2 threads per core) family 6 model 37 stepping 5 microcode 0x7, cx8, cmov, fxsr, ht, mmx, sse, sse2, sse3, ssse3, sse4.1, sse4.2, popcnt, tsc, tscinvbit, clflush

Memory: 4k page, system-wide physical 5941M (410M free)
TotalPageFile size 9957M (AvailPageFile size 1154M)
current process WorkingSet (physical memory assigned to process): 222M, peak: 254M
current process commit charge ("private bytes"): 278M, peak: 290M

vm_info: OpenJDK 64-Bit Server VM (17.0.2+8) for windows-amd64 JRE (17.0.2+8), built on Jan 20 2022 04:52:34 by "" with MS VC++ 16.7 (VS2019)

END.
